resi atom  exptLow exptHigh  Sparta+Shift
   1    C 176.3440 176.3440 176.3440 170.9680 170.9680 170.9680 176.3470   1.0000 
   2    C 174.7130 174.7130 174.7130 173.8130 173.8130 173.8130 174.7140   1.0000 
   2    N 125.0950 125.0950 125.0950 125.2760 125.2760 125.2760 125.1990   1.0000 
   2   HN   9.0920   9.0920   9.0920   9.5320   9.5320   9.5320   9.0980   1.0000 
   3    C 173.0980 173.0980 173.0980 173.4960 173.4960 173.4960 173.0910   1.0000 
   3    N 121.8290 121.8290 121.8290 126.2680 126.2680 126.2680 121.7960   1.0000 
   3   HN   9.1740   9.1740   9.1740   9.4530   9.4530   9.4530   9.1720   1.0000 
   4    C 175.3680 175.3680 175.3680 175.1120 175.1120 175.1120 175.3310   1.0000 
   4    N 124.0090 124.0090 124.0090 122.1730 122.1730 122.1730 124.0300   1.0000 
   4   HN   8.7590   8.7590   8.7590   8.6180   8.6180   8.6180   8.7200   1.0000 
   5    C 174.0130 174.0130 174.0130 172.2930 172.2930 172.2930 173.9490   1.0000 
   5    N 122.9970 122.9970 122.9970 120.4740 120.4740 120.4740 123.0410   1.0000 
   5   HN   9.0070   9.0070   9.0070   8.7150   8.7150   8.7150   9.0040   1.0000 
   6    C 174.7210 174.7210 174.7210 175.1060 175.1060 175.1060 174.6540   1.0000 
   6    N 130.4000 130.4000 130.4000 126.8410 126.8410 126.8410 130.3270   1.0000 
   6   HN   8.8370   8.8370   8.8370   8.6520   8.6520   8.6520   8.7810   1.0000 
   7    C 175.6390 175.6390 175.6390 175.1140 175.1140 175.1140 175.6010   1.0000 
   7    N 123.9030 123.9030 123.9030 122.8420 122.8420 122.8420 123.8720   1.0000 
   7   HN   8.6550   8.6550   8.6550   9.0800   9.0800   9.0800   8.6170   1.0000 
   8    C 175.7870 175.7870 175.7870 175.3420 175.3420 175.3420 175.8340   1.0000 
   8    N 124.8090 124.8090 124.8090 123.7620 123.7620 123.7620 124.7850   1.0000 
   8   HN   8.7070   8.7070   8.7070   9.2320   9.2320   9.2320   8.6750   1.0000 
   9    C 177.2450 177.2450 177.2450 176.0310 176.0310 176.0310 177.2320   1.0000 
   9    N 125.5350 125.5350 125.5350 126.1900 126.1900 126.1900 125.4160   1.0000 
   9   HN   8.9250   8.9250   8.9250   8.4020   8.4020   8.4020   8.8570   1.0000 
  10    C 176.3690 176.3690 176.3690 177.4970 177.4970 177.4970 176.2890   1.0000 
  10    N 118.3930 118.3930 118.3930 118.2610 118.2610 118.2610 118.3410   1.0000 
  10   HN   7.7020   7.7020   7.7020   7.5540   7.5540   7.5540   7.6830   1.0000 
  11    C 175.4480 175.4480 175.4480 174.8540 174.8540 174.8540 175.4670   1.0000 
  11    N 124.2570 124.2570 124.2570 123.0340 123.0340 123.0340 123.9920   1.0000 
  11   HN   8.8950   8.8950   8.8950   9.1150   9.1150   9.1150   8.9100   1.0000 
  12    C 175.5230 175.5230 175.5230 175.9330 175.9330 175.9330 175.5620   1.0000 
  12    N 111.2410 111.2410 111.2410 107.8330 107.8330 107.8330 111.4420   1.0000 
  12   HN   7.9500   7.9500   7.9500   8.5590   8.5590   8.5590   7.9560   1.0000 
  13    C 176.9970 176.9970 176.9970 176.7910 176.7910 176.7910 176.9800   1.0000 
  13    N 119.5450 119.5450 119.5450 121.1300 121.1300 121.1300 119.4540   1.0000 
  13   HN   7.4580   7.4580   7.4580   7.2270   7.2270   7.2270   7.4600   1.0000 
  14    C 175.2090 175.2090 175.2090 176.3510 176.3510 176.3510 175.3060   1.0000 
  14    N 119.9020 119.9020 119.9020 113.7990 113.7990 113.7990 119.7810   1.0000 
  14   HN   8.7520   8.7520   8.7520   8.6210   8.6210   8.6210   8.7550   1.0000 
  15    C 171.3330 171.3330 171.3330 169.8910 169.8910 169.8910 171.3560   1.0000 
  15    N 107.3660 107.3660 107.3660 109.6430 109.6430 109.6430 107.4000   1.0000 
  15   HN   7.5330   7.5330   7.5330   7.5760   7.5760   7.5760   7.5520   1.0000 
  16    C 174.9310 174.9310 174.9310 174.3290 174.3290 174.3290 174.9300   1.0000 
  16    N 120.2790 120.2790 120.2790 121.0750 121.0750 121.0750 120.2900   1.0000 
  16   HN   8.8600   8.8600   8.8600   8.6380   8.6380   8.6380   8.8650   1.0000 
  17    C 175.4850 175.4850 175.4850 175.3850 175.3850 175.3850 175.5400   1.0000 
  17    N 125.8490 125.8490 125.8490 131.9380 131.9380 131.9380 126.0370   1.0000 
  17   HN   9.5160   9.5160   9.5160  10.3130  10.3130  10.3130   9.5600   1.0000 
  18    C 173.9180 173.9180 173.9180 173.5150 173.5150 173.5150 173.4690   1.0000 
  18    N 114.2830 114.2830 114.2830 115.3430 115.3430 115.3430 113.4500   1.0000 
  18   HN   8.7180   8.7180   8.7180   9.6320   9.6320   9.6320   8.6160   1.0000 
  19    C 175.6220 175.6220 175.6220 176.9150 176.9150 176.9150 175.6260   1.0000 
  19    N 118.1930 118.1930 118.1930 121.7170 121.7170 121.7170 117.4420   1.0000 
  19   HN   7.7300   7.7300   7.7300   7.8350   7.8350   7.8350   7.7300   1.0000 
  20    C 174.9260 174.9260 174.9260 174.9210 174.9210 174.9210 174.8910   1.0000 
  20    N 118.5220 118.5220 118.5220 120.9390 120.9390 120.9390 118.4530   1.0000 
  20   HN   8.3850   8.3850   8.3850   8.4570   8.4570   8.4570   8.3730   1.0000 
  21    C 175.2830 175.2830 175.2830 173.8730 173.8730 173.8730 175.3270   1.0000 
  22    C 174.1230 174.1230 174.1230 176.9920 176.9920 176.9920 174.1230   1.0000 
  22    N 119.1960 119.1960 119.1960 115.6550 115.6550 115.6550 119.1500   1.0000 
  22   HN   6.6490   6.6490   6.6490   6.5040   6.5040   6.5040   6.6340   1.0000 
  23    C 175.4530 175.4530 175.4530 176.9600 176.9600 176.9600 175.4660   1.0000 
  24    C 176.5280 176.5280 176.5280 177.0930 177.0930 177.0930 176.5520   1.0000 
  25    C 176.3240 176.3240 176.3240 177.9150 177.9150 177.9150 176.3800   1.0000 
  25    N 125.7560 125.7560 125.7560 126.9310 126.9310 126.9310 126.1480   1.0000 
  25   HN   8.4530   8.4530   8.4530   8.9010   8.9010   8.9010   8.4950   1.0000 
  26    C 177.8300 177.8300 177.8300 179.1820 179.1820 179.1820 177.8290   1.0000 
  27    C 179.4850 179.4850 179.4850 181.2660 181.2660 181.2660 179.4790   1.0000 
  27    N 120.0740 120.0740 120.0740 120.4440 120.4440 120.4440 120.0880   1.0000 
  27   HN   8.3290   8.3290   8.3290   9.2090   9.2090   9.2090   8.3290   1.0000 
  28    C 178.5060 178.5060 178.5060 177.2710 177.2710 177.2710 178.4930   1.0000 
  28    N 119.3060 119.3060 119.3060 118.9040 118.9040 118.9040 119.3150   1.0000 
  28   HN   8.1170   8.1170   8.1170   7.3160   7.3160   7.3160   8.1200   1.0000 
  29    C 178.8840 178.8840 178.8840 177.8230 177.8230 177.8230 178.8990   1.0000 
  29    N 120.4860 120.4860 120.4860 121.5760 121.5760 121.5760 120.4600   1.0000 
  29   HN   8.2750   8.2750   8.2750   8.0460   8.0460   8.0460   8.2760   1.0000 
  30    C 179.1820 179.1820 179.1820 180.4610 180.4610 180.4610 179.1810   1.0000 
  30    N 122.7620 122.7620 122.7620 125.9030 125.9030 125.9030 122.7570   1.0000 
  30   HN   8.5620   8.5620   8.5620   7.9300   7.9300   7.9300   8.5560   1.0000 
  31    C 177.7200 177.7200 177.7200 177.8470 177.8470 177.8470 177.0840   1.0000 
  31    N 121.1950 121.1950 121.1950 124.4440 124.4440 124.4440 121.1140   1.0000 
  31   HN   8.1550   8.1550   8.1550   7.5560   7.5560   7.5560   8.0960   1.0000 
  32    C 177.4940 177.4940 177.4940 178.3640 178.3640 178.3640 177.4780   1.0000 
  32    N 120.4030 120.4030 120.4030 123.7160 123.7160 123.7160 120.2840   1.0000 
  32   HN   8.9080   8.9080   8.9080   9.1780   9.1780   9.1780   8.8870   1.0000 
  33    C 178.5360 178.5360 178.5360 177.8030 177.8030 177.8030 178.5070   1.0000 
  33    N 121.1480 121.1480 121.1480 124.4870 124.4870 124.4870 121.1800   1.0000 
  33   HN   8.5080   8.5080   8.5080   8.8250   8.8250   8.8250   8.4830   1.0000 
  34    C 177.7170 177.7170 177.7170 178.3740 178.3740 178.3740 177.6270   1.0000 
  34    N 117.8440 117.8440 117.8440 117.6250 117.6250 117.6250 117.9720   1.0000 
  34   HN   8.2130   8.2130   8.2130   8.2510   8.2510   8.2510   8.2180   1.0000 
  35    C 175.1850 175.1850 175.1850 174.0750 174.0750 174.0750 175.2180   1.0000 
  35    N 113.2150 113.2150 113.2150 111.8620 111.8620 111.8620 113.2520   1.0000 
  35   HN   7.5290   7.5290   7.5290   7.1680   7.1680   7.1680   7.5280   1.0000 
  36    C 173.8480 173.8480 173.8480 173.1810 173.1810 173.1810 173.8160   1.0000 
  36    N 111.1160 111.1160 111.1160 107.9310 107.9310 107.9310 111.0360   1.0000 
  36   HN   7.1610   7.1610   7.1610   7.1910   7.1910   7.1910   7.1530   1.0000 
  37    C 176.3210 176.3210 176.3210 176.4570 176.4570 176.4570 176.2900   1.0000 
  37    N 123.6330 123.6330 123.6330 122.3790 122.3790 122.3790 123.6280   1.0000 
  37   HN   7.7230   7.7230   7.7230   7.6360   7.6360   7.6360   7.7100   1.0000 
  38    C 174.3750 174.3750 174.3750 173.4900 173.4900 173.4900 174.3610   1.0000 
  38    N 118.6080 118.6080 118.6080 113.9240 113.9240 113.9240 118.7430   1.0000 
  38   HN   8.6230   8.6230   8.6230   7.9240   7.9240   7.9240   8.6250   1.0000 
  39    C 174.1580 174.1580 174.1580 176.8440 176.8440 176.8440 174.1570   1.0000 
  39    N 118.5180 118.5180 118.5180 120.2140 120.2140 120.2140 118.5000   1.0000 
  39   HN   7.5140   7.5140   7.5140   7.9570   7.9570   7.9570   7.5130   1.0000 
  40    C 176.0020 176.0020 176.0020 175.7680 175.7680 175.7680 175.9310   1.0000 
  41    C 174.7000 174.7000 174.7000 173.5790 173.5790 173.5790 174.6980   1.0000 
  41    N 115.1070 115.1070 115.1070 113.7680 113.7680 113.7680 115.1100   1.0000 
  41   HN   8.8130   8.8130   8.8130   8.7860   8.7860   8.7860   8.8110   1.0000 
  42    C 175.1270 175.1270 175.1270 174.9230 174.9230 174.9230 175.1360   1.0000 
  42    N 125.2640 125.2640 125.2640 122.1970 122.1970 122.1970 125.3220   1.0000 
  42   HN   8.5790   8.5790   8.5790   8.5490   8.5490   8.5490   8.5840   1.0000 
  43    C 174.9590 174.9590 174.9590 174.3480 174.3480 174.3480 174.9490   1.0000 
  43    N 123.7970 123.7970 123.7970 124.1070 124.1070 124.1070 123.8000   1.0000 
  43   HN   8.8290   8.8290   8.8290   9.1110   9.1110   9.1110   8.8310   1.0000 
  44    C 174.0520 174.0520 174.0520 175.4640 175.4640 175.4640 174.0500   1.0000 
  44    N 107.7070 107.7070 107.7070 106.0240 106.0240 106.0240 107.7430   1.0000 
  44   HN   8.4350   8.4350   8.4350   9.2100   9.2100   9.2100   8.4410   1.0000 
  45    C 177.8800 177.8800 177.8800 178.4080 178.4080 178.4080 177.9150   1.0000 
  45    N 120.9360 120.9360 120.9360 119.9870 119.9870 119.9870 120.9050   1.0000 
  45   HN   8.4060   8.4060   8.4060   7.7450   7.7450   7.7450   8.4170   1.0000 
  46    C 177.8250 177.8250 177.8250 177.8100 177.8100 177.8100 177.8150   1.0000 
  46    N 117.3510 117.3510 117.3510 113.0420 113.0420 113.0420 117.1160   1.0000 
  46   HN   8.7000   8.7000   8.7000   7.4620   7.4620   7.4620   8.6910   1.0000 
  47    C 176.9390 176.9390 176.9390 176.1000 176.1000 176.1000 176.9120   1.0000 
  47    N 117.8260 117.8260 117.8260 120.1890 120.1890 120.1890 117.8160   1.0000 
  47   HN   8.2530   8.2530   8.2530   8.1390   8.1390   8.1390   8.2530   1.0000 
  48    C 177.4150 177.4150 177.4150 176.6180 176.6180 176.6180 177.4080   1.0000 
  48    N 124.5900 124.5900 124.5900 124.8850 124.8850 124.8850 124.5610   1.0000 
  48   HN   8.6630   8.6630   8.6630   8.4130   8.4130   8.4130   8.6620   1.0000 
  49    C 178.3250 178.3250 178.3250 178.1970 178.1970 178.1970 178.3210   1.0000 
  49    N 117.1390 117.1390 117.1390 120.6290 120.6290 120.6290 117.0750   1.0000 
  49   HN   8.2330   8.2330   8.2330   7.9810   7.9810   7.9810   8.2320   1.0000 
  50    C 176.3080 176.3080 176.3080 174.9540 174.9540 174.9540 176.1270   1.0000 
  50    N 113.9040 113.9040 113.9040 114.1030 114.1030 114.1030 114.3050   1.0000 
  50   HN   7.6690   7.6690   7.6690   7.7850   7.7850   7.7850   7.6860   1.0000 
  51    C 176.6260 176.6260 176.6260 178.5320 178.5320 178.5320 176.6230   1.0000 
  51    N 121.6080 121.6080 121.6080 123.6320 123.6320 123.6320 121.6270   1.0000 
  51   HN   7.9480   7.9480   7.9480   7.6690   7.6690   7.6690   7.9450   1.0000 
  52    C 173.0260 173.0260 173.0260 172.4300 172.4300 172.4300 172.9280   1.0000 
  52    N 106.1380 106.1380 106.1380 104.8550 104.8550 104.8550 106.0380   1.0000 
  52   HN   8.1850   8.1850   8.1850   7.5920   7.5920   7.5920   8.2020   1.0000 
  53    C 172.8460 172.8460 172.8460 177.3700 177.3700 177.3700 172.8720   1.0000 
  53    N 115.8980 115.8980 115.8980 116.5580 116.5580 116.5580 116.0330   1.0000 
  53   HN   7.2390   7.2390   7.2390   6.8250   6.8250   6.8250   7.1990   1.0000 
  54    C 176.5970 176.5970 176.5970 176.9690 176.9690 176.9690 176.5220   1.0000 
  55    C 176.0800 176.0800 176.0800 176.1740 176.1740 176.1740 176.0990   1.0000 
  55    N 125.2130 125.2130 125.2130 126.5380 126.5380 126.5380 125.1330   1.0000 
  55   HN   8.7980   8.7980   8.7980   9.4740   9.4740   9.4740   8.6160   1.0000 
  56    C 177.9520 177.9520 177.9520 177.0820 177.0820 177.0820 177.9490   1.0000 
  57    C 173.4820 173.4820 173.4820 172.9860 172.9860 172.9860 173.4710   1.0000 
  57    N 109.5300 109.5300 109.5300 108.9490 108.9490 108.9490 109.5600   1.0000 
  57   HN   8.7600   8.7600   8.7600   7.7440   7.7440   7.7440   8.7590   1.0000 
  58    C 174.6260 174.6260 174.6260 174.3890 174.3890 174.3890 174.6260   1.0000 
  58    N 118.0190 118.0190 118.0190 118.5580 118.5580 118.5580 118.0170   1.0000 
  58   HN   7.4140   7.4140   7.4140   7.2940   7.2940   7.2940   7.4130   1.0000 
  59    C 175.2380 175.2380 175.2380 174.9190 174.9190 174.9190 175.2140   1.0000 
  59    N 123.1590 123.1590 123.1590 124.1520 124.1520 124.1520 123.2210   1.0000 
  59   HN   8.3530   8.3530   8.3530   7.5420   7.5420   7.5420   8.3520   1.0000 
  60    C 173.9120 173.9120 173.9120 172.5360 172.5360 172.5360 173.9580   1.0000 
  60    N 125.6060 125.6060 125.6060 126.8570 126.8570 126.8570 125.6200   1.0000 
  60   HN   8.6910   8.6910   8.6910   9.1600   9.1600   9.1600   8.6760   1.0000 
  61    C 174.3410 174.3410 174.3410 172.4440 172.4440 172.4440 174.3420   1.0000 
  61    N 125.9560 125.9560 125.9560 126.8920 126.8920 126.8920 125.8590   1.0000 
  61   HN   9.0010   9.0010   9.0010   8.8320   8.8320   8.8320   8.9940   1.0000 
  62    C 174.8480 174.8480 174.8480 175.3990 175.3990 175.3990 174.9390   1.0000 
  62    N 126.0660 126.0660 126.0660 127.9550 127.9550 127.9550 126.1060   1.0000 
  62   HN   8.7360   8.7360   8.7360   8.8920   8.8920   8.8920   8.7310   1.0000 
  63    C 175.7880 175.7880 175.7880 175.6390 175.6390 175.6390 175.8700   1.0000 
  63    N 128.6000 128.6000 128.6000 126.1350 126.1350 126.1350 128.5880   1.0000 
  63   HN   8.6960   8.6960   8.6960   8.3570   8.3570   8.3570   8.6980   1.0000 
  64    C 173.9920 173.9920 173.9920 173.9940 173.9940 173.9940 174.0280   1.0000 
  64    N 117.1660 117.1660 117.1660 116.1160 116.1160 116.1160 116.9830   1.0000 
  64   HN   8.7700   8.7700   8.7700   8.7520   8.7520   8.7520   8.7650   1.0000 
  65    C 174.4340 174.4340 174.4340 174.8830 174.8830 174.8830 174.5200   1.0000 
  65    N 119.7990 119.7990 119.7990 123.3090 123.3090 123.3090 119.9880   1.0000 
  65   HN   8.7450   8.7450   8.7450  10.2350  10.2350  10.2350   8.7250   1.0000 
  66    C 173.6850 173.6850 173.6850 175.5670 175.5670 175.5670 173.7100   1.0000 
  66    N 121.9280 121.9280 121.9280 123.4270 123.4270 123.4270 122.0560   1.0000 
  66   HN   7.5960   7.5960   7.5960   8.6750   8.6750   8.6750   7.5730   1.0000 
  67    C 176.8560 176.8560 176.8560 177.1090 177.1090 177.1090 176.7910   1.0000 
  68    C 173.5300 173.5300 173.5300 174.1300 174.1300 174.1300 173.5120   1.0000 
  68    N 107.0680 107.0680 107.0680 109.4980 109.4980 109.4980 107.0500   1.0000 
  68   HN   7.9940   7.9940   7.9940   7.7410   7.7410   7.7410   7.9920   1.0000 
  69    C 173.4030 173.4030 173.4030 174.1820 174.1820 174.1820 173.3960   1.0000 
  69    N 108.4030 108.4030 108.4030 106.8090 106.8090 106.8090 108.4090   1.0000 
  69   HN   7.1820   7.1820   7.1820   6.0160   6.0160   6.0160   7.1590   1.0000 
  70    C 174.9830 174.9830 174.9830 176.2460 176.2460 176.2460 175.0030   1.0000 
  70    N 122.0320 122.0320 122.0320 120.7180 120.7180 120.7180 122.0410   1.0000 
  70   HN   7.8080   7.8080   7.8080   7.3570   7.3570   7.3570   7.7970   1.0000 
  71    C 177.2250 177.2250 177.2250 176.9780 176.9780 176.9780 177.2150   1.0000 
  71    N 125.8150 125.8150 125.8150 127.3030 127.3030 127.3030 125.8180   1.0000 
  71   HN   8.8240   8.8240   8.8240   8.9190   8.9190   8.9190   8.8300   1.0000 
  72    C 176.2660 176.2660 176.2660 175.8610 175.8610 175.8610 176.2680   1.0000 
  72    N 119.1600 119.1600 119.1600 118.7700 118.7700 118.7700 119.2340   1.0000 
  72   HN   8.5160   8.5160   8.5160   8.9080   8.9080   8.9080   8.5480   1.0000 
  73    C 173.9310 173.9310 173.9310 172.9340 172.9340 172.9340 173.9310   1.0000 
  73    N 112.1830 112.1830 112.1830 108.8490 108.8490 108.8490 112.2040   1.0000 
  73   HN   7.2260   7.2260   7.2260   7.2720   7.2720   7.2720   7.2400   1.0000 
  74    C 173.5030 173.5030 173.5030 171.9040 171.9040 171.9040 173.3980   1.0000 
  74    N 117.1720 117.1720 117.1720 117.7040 117.7040 117.7040 117.5750   1.0000 
  74   HN   8.2450   8.2450   8.2450   7.9850   7.9850   7.9850   8.3640   1.0000 
  75    C 175.8620 175.8620 175.8620 176.5020 176.5020 176.5020 175.8670   1.0000 
  75    N 128.7070 128.7070 128.7070 129.3150 129.3150 129.3150 128.7090   1.0000 
  75   HN   8.6870   8.6870   8.6870   8.8130   8.8130   8.8130   8.6960   1.0000 
  76    C 174.8600 174.8600 174.8600 174.8290 174.8290 174.8290 174.8730   1.0000 
  76    N 113.9740 113.9740 113.9740 116.9550 116.9550 116.9550 114.0830   1.0000 
  76   HN   8.9670   8.9670   8.9670   9.1990   9.1990   9.1990   8.9550   1.0000 
  77    C 175.8380 175.8380 175.8380 175.4810 175.4810 175.4810 175.8750   1.0000 
  77    N 120.8730 120.8730 120.8730 116.5100 116.5100 116.5100 120.8840   1.0000 
  77   HN   9.0150   9.0150   9.0150   8.3330   8.3330   8.3330   8.9950   1.0000 
  78    C 174.2820 174.2820 174.2820 174.0580 174.0580 174.0580 174.2700   1.0000 
  78    N 111.0330 111.0330 111.0330 109.3380 109.3380 109.3380 111.0530   1.0000 
  78   HN   7.4890   7.4890   7.4890   7.2560   7.2560   7.2560   7.4890   1.0000 
  79    C 177.3480 177.3480 177.3480 177.1710 177.1710 177.1710 177.3330   1.0000 
  79    N 122.1790 122.1790 122.1790 123.0650 123.0650 123.0650 122.2300   1.0000 
  79   HN   8.9490   8.9490   8.9490   8.9490   8.9490   8.9490   8.9450   1.0000 
  80    C 178.8020 178.8020 178.8020 179.7560 179.7560 179.7560 178.7980   1.0000 
  80    N 119.0060 119.0060 119.0060 118.5240 118.5240 118.5240 119.0290   1.0000 
  80   HN   8.4600   8.4600   8.4600   8.5040   8.5040   8.5040   8.4630   1.0000 
  81    C 178.5820 178.5820 178.5820 179.0530 179.0530 179.0530 178.5810   1.0000 
  81    N 120.3390 120.3390 120.3390 121.1580 121.1580 121.1580 120.3240   1.0000 
  81   HN   7.7340   7.7340   7.7340   8.0230   8.0230   8.0230   7.7410   1.0000 
  82    C 179.7080 179.7080 179.7080 177.9040 177.9040 177.9040 179.7190   1.0000 
  82    N 122.3610 122.3610 122.3610 123.0970 123.0970 123.0970 122.3540   1.0000 
  82   HN   7.9730   7.9730   7.9730   8.2620   8.2620   8.2620   7.9750   1.0000 
  83    C 178.6360 178.6360 178.6360 180.3830 180.3830 180.3830 178.6320   1.0000 
  83    N 118.9180 118.9180 118.9180 116.5760 116.5760 116.5760 118.9620   1.0000 
  83   HN   8.0480   8.0480   8.0480   8.0600   8.0600   8.0600   8.0540   1.0000 
  84    C 179.6000 179.6000 179.6000 180.4060 180.4060 180.4060 179.6030   1.0000 
  84    N 122.6310 122.6310 122.6310 124.5890 124.5890 124.5890 122.6320   1.0000 
  84   HN   8.3030   8.3030   8.3030   8.2200   8.2200   8.2200   8.3060   1.0000 
  85    C 178.7230 178.7230 178.7230 177.9930 177.9930 177.9930 178.7250   1.0000 
  85    N 120.1720 120.1720 120.1720 119.9330 119.9330 119.9330 120.1780   1.0000 
  85   HN   8.4480   8.4480   8.4480   8.0960   8.0960   8.0960   8.4480   1.0000 
  86    C 176.1260 176.1260 176.1260 175.4400 175.4400 175.4400 175.7010   1.0000 
  86    N 115.0150 115.0150 115.0150 115.0700 115.0700 115.0700 114.3330   1.0000 
  86   HN   7.6980   7.6980   7.6980   7.4730   7.4730   7.4730   7.5970   1.0000 
  87    C 172.9980 172.9980 172.9980 173.3480 173.3480 173.3480 173.4450   1.0000 
  87    N 109.0520 109.0520 109.0520 103.7040 103.7040 103.7040 109.1110   1.0000 
  87   HN   7.5350   7.5350   7.5350   7.2840   7.2840   7.2840   7.5300   1.0000 
  88    C 176.2100 176.2100 176.2100 175.3150 175.3150 175.3150 176.2160   1.0000 
  88    N 122.1310 122.1310 122.1310 122.9480 122.9480 122.9480 122.1200   1.0000 
  88   HN   8.2750   8.2750   8.2750   8.5860   8.5860   8.5860   8.2760   1.0000 
  89    C 174.3960 174.3960 174.3960 176.7980 176.7980 176.7980 174.3910   1.0000 
  89    N 121.0430 121.0430 121.0430 115.1360 115.1360 115.1360 121.0440   1.0000 
  89   HN   7.4770   7.4770   7.4770   7.2850   7.2850   7.2850   7.4790   1.0000 
  90    C 176.5470 176.5470 176.5470 177.7220 177.7220 177.7220 176.5340   1.0000 
  91    C 174.6580 174.6580 174.6580 173.2360 173.2360 173.2360 174.6570   1.0000 
  91    N 116.7580 116.7580 116.7580 117.5220 117.5220 117.5220 116.7500   1.0000 
  91   HN   7.6770   7.6770   7.6770   7.8190   7.8190   7.8190   7.6790   1.0000 
  92    C 174.6190 174.6190 174.6190 173.8940 173.8940 173.8940 174.6290   1.0000 
  92    N 127.2410 127.2410 127.2410 130.5730 130.5730 130.5730 127.1980   1.0000 
  92   HN   9.1740   9.1740   9.1740   8.8370   8.8370   8.8370   9.1760   1.0000 
  93    C 175.2080 175.2080 175.2080 174.2930 174.2930 174.2930 175.2440   1.0000 
  93    N 126.6330 126.6330 126.6330 122.2730 122.2730 122.2730 126.6180   1.0000 
  93   HN   8.6160   8.6160   8.6160   7.9850   7.9850   7.9850   8.6150   1.0000 
  94    C 176.0370 176.0370 176.0370 176.9520 176.9520 176.9520 176.0460   1.0000 
  94    N 124.5070 124.5070 124.5070 125.2250 125.2250 125.2250 124.4860   1.0000 
  94   HN   9.1290   9.1290   9.1290   9.4080   9.4080   9.4080   9.1390   1.0000 
  95    C 175.6030 175.6030 175.6030 174.1270 174.1270 174.1270 175.6210   1.0000 
  95    N 120.0470 120.0470 120.0470 119.8910 119.8910 119.8910 119.9150   1.0000 
  95   HN   8.4440   8.4440   8.4440   8.9780   8.9780   8.9780   8.4530   1.0000 
  96    C 173.6600 173.6600 173.6600 174.0360 174.0360 174.0360 173.6520   1.0000 
  96    N 108.2200 108.2200 108.2200 103.4910 103.4910 103.4910 108.2460   1.0000 
  96   HN   7.1660   7.1660   7.1660   6.2530   6.2530   6.2530   7.1820   1.0000 
  97    C 175.2120 175.2120 175.2120 173.0660 173.0660 173.0660 175.1860   1.0000 
  97    N 107.6770 107.6770 107.6770 112.3130 112.3130 112.3130 107.6860   1.0000 
  97   HN   7.8050   7.8050   7.8050   8.2460   8.2460   8.2460   7.7910   1.0000 
  98    C 176.5830 176.5830 176.5830 174.6150 174.6150 174.6150 176.3490   1.0000 
  98    N 108.5830 108.5830 108.5830 110.0600 110.0600 110.0600 108.4900   1.0000 
  98   HN   9.0380   9.0380   9.0380   7.4180   7.4180   7.4180   8.9660   1.0000 
  99    C 178.0940 178.0940 178.0940 180.5970 180.5970 180.5970 178.0770   1.0000 
  99    N 120.7990 120.7990 120.7990 122.9840 122.9840 122.9840 120.4340   1.0000 
  99   HN   8.3100   8.3100   8.3100   9.3960   9.3960   9.3960   8.3540   1.0000 
 100    C 178.1730 178.1730 178.1730 178.5190 178.5190 178.5190 178.1620   1.0000 
 100    N 119.7520 119.7520 119.7520 122.5750 122.5750 122.5750 119.5030   1.0000 
 100   HN   7.5460   7.5460   7.5460   7.3780   7.3780   7.3780   7.5540   1.0000 
 101    C 178.0340 178.0340 178.0340 177.9340 177.9340 177.9340 178.0280   1.0000 
 101    N 118.9740 118.9740 118.9740 119.9520 119.9520 119.9520 118.9570   1.0000 
 101   HN   8.6420   8.6420   8.6420   9.5950   9.5950   9.5950   8.6260   1.0000 
 102    C 178.7700 178.7700 178.7700 178.3210 178.3210 178.3210 178.7580   1.0000 
 102    N 119.0530 119.0530 119.0530 116.5080 116.5080 116.5080 119.0090   1.0000 
 102   HN   8.2140   8.2140   8.2140   8.1530   8.1530   8.1530   8.1840   1.0000 
 103    C 178.4160 178.4160 178.4160 177.2390 177.2390 177.2390 178.4050   1.0000 
 103    N 116.8040 116.8040 116.8040 114.6570 114.6570 114.6570 116.7610   1.0000 
 103   HN   7.5860   7.5860   7.5860   7.2800   7.2800   7.2800   7.5700   1.0000 
 104    C 177.7800 177.7800 177.7800 176.8670 176.8670 176.8670 177.7780   1.0000 
 104    N 117.1900 117.1900 117.1900 113.7250 113.7250 113.7250 117.1420   1.0000 
 104   HN   8.1850   8.1850   8.1850   8.0760   8.0760   8.0760   8.1570   1.0000 
 105    C 176.3480 176.3480 176.3480 176.3100 176.3100 176.3100 176.3440   1.0000 
 105    N 123.2370 123.2370 123.2370 123.8780 123.8780 123.8780 123.0490   1.0000 
 105   HN   8.2980   8.2980   8.2980   8.4180   8.4180   8.4180   8.1950   1.0000 
 106    C 177.5270 177.5270 177.5270 177.2460 177.2460 177.2460 177.5410   1.0000 
 107    C 176.3910 176.3910 176.3910 175.8390 175.8390 175.8390 176.4180   1.0000 
 107    N 116.9930 116.9930 116.9930 113.4400 113.4400 113.4400 117.0050   1.0000 
 107   HN   8.1180   8.1180   8.1180   7.4540   7.4540   7.4540   8.1360   1.0000 
 108    C 177.3020 177.2020 177.4020 177.1720 177.0720 177.2720 177.3520   1.0000 
 108    N 122.4610 122.4610 122.4610 122.9080 122.9080 122.9080 122.4410   1.0000 
 108   HN   7.7700   7.7700   7.7700   8.0130   8.0130   8.0130   7.7980   1.0000 
 109    C 175.8490 175.8490 175.8490 174.9310 174.9310 174.9310 175.8730   1.0000 
 109    N 120.2010 119.9010 120.5010 118.6990 118.3990 118.9990 119.9060   1.0000 
 109   HN   9.0090   8.9090   9.1090   9.2820   9.1820   9.3820   9.0220   1.0000 
 110    C 173.8100 173.8100 173.8100 176.2400 176.2400 176.2400 173.8180   1.0000 
 110    N 120.6400 120.6400 120.6400 120.9230 120.9230 120.9230 120.4920   1.0000 
 110   HN   7.6300   7.6300   7.6300   7.8300   7.8300   7.8300   7.6190   1.0000 
 111    C 175.4080 175.4080 175.4080 174.7490 174.7490 174.7490 175.3650   1.0000 
 111    N 125.0440 125.0440 125.0440 123.6700 123.6700 123.6700 125.0510   1.0000 
 111   HN   8.7790   8.7790   8.7790   9.0700   9.0700   9.0700   8.4440   1.0000 
 112    C 174.6570 174.6570 174.6570 174.7480 174.7480 174.7480 174.6280   1.0000 
 112    N 122.6120 122.6120 122.6120 122.5530 122.5530 122.5530 122.5540   1.0000 
 112   HN   9.4880   9.4880   9.4880   9.5400   9.5400   9.5400   9.4250   1.0000 
 113    C 176.3760 176.3760 176.3760 175.6220 175.6220 175.6220 176.3280   1.0000 
 113    N 124.8140 124.8140 124.8140 123.7730 123.7730 123.7730 124.8090   1.0000 
 113   HN   9.2270   9.2270   9.2270   9.7380   9.7380   9.7380   9.2150   1.0000 
 114    C 173.3200 173.3200 173.3200 173.4460 173.4460 173.4460 173.3040   1.0000 
 114    N 119.0460 119.0460 119.0460 117.8880 117.8880 117.8880 119.1160   1.0000 
 114   HN   8.6200   8.6200   8.6200   8.4060   8.4060   8.4060   8.5870   1.0000 
 115    C 174.5850 174.5850 174.5850 174.7760 174.7760 174.7760 174.6140   1.0000 
 115    N 127.1580 127.1580 127.1580 127.1170 127.1170 127.1170 127.1990   1.0000 
 115   HN   9.1600   9.1600   9.1600   9.3610   9.3610   9.3610   9.1700   1.0000 
 116    C 175.7670 175.7670 175.7670 176.4930 176.4930 176.4930 175.7740   1.0000 
 116    N 126.4920 126.4920 126.4920 127.9860 127.9860 127.9860 126.5010   1.0000 
 116   HN   8.8760   8.8760   8.8760   9.1180   9.1180   9.1180   8.8790   1.0000 
 117    C 174.3390 174.3390 174.3390 173.5270 173.5270 173.5270 174.3330   1.0000 
 117    N 130.0030 130.0030 130.0030 129.7330 129.7330 129.7330 130.0140   1.0000 
 117   HN   8.7990   8.7990   8.7990   8.2690   8.2690   8.2690   8.8020   1.0000 
 118    C 175.1800 175.1800 175.1800 174.2920 174.2920 174.2920 175.1800   1.0000 
 118    N 123.5180 123.5180 123.5180 125.3250 125.3250 125.3250 123.5010   1.0000 
 118   HN   7.6340   7.6340   7.6340   7.7690   7.7690   7.7690   7.6300   1.0000 
 119    C 175.4590 175.4590 175.4590 177.5380 177.5380 177.5380 175.4410   1.0000 
 119    N 123.9050 123.9050 123.9050 124.2270 124.2270 124.2270 123.8930   1.0000 
 119   HN   8.6920   8.6920   8.6920   8.5610   8.5610   8.5610   8.6850   1.0000 
 120    C 174.9980 174.9980 174.9980 174.6790 174.6790 174.6790 174.9810   1.0000 
 120    N 117.8770 117.8770 117.8770 119.2900 119.2900 119.2900 117.9200   1.0000 
 120   HN   7.8490   7.8490   7.8490   8.1240   8.1240   8.1240   7.8330   1.0000 
 121    C 175.7700 175.7700 175.7700 175.8820 175.8820 175.8820 175.7920   1.0000 
 121    N 122.4230 122.4230 122.4230 123.4050 123.4050 123.4050 122.3880   1.0000 
 121   HN   8.5580   8.5580   8.5580   8.4290   8.4290   8.4290   8.5520   1.0000 
 122    C 172.8850 172.8850 172.8850 172.2230 172.2230 172.2230 172.8840   1.0000 
 122    N 109.2360 109.2360 109.2360 106.6240 106.6240 106.6240 109.2510   1.0000 
 122   HN   8.0590   8.0590   8.0590   8.4640   8.4640   8.4640   8.0570   1.0000 
 123    C 176.5140 176.5140 176.5140 176.2200 176.2200 176.2200 176.5010   1.0000 
 123    N 116.0480 116.0480 116.0480 117.1680 117.1680 117.1680 116.0730   1.0000 
 123   HN   8.4720   8.4720   8.4720   8.6030   8.6030   8.6030   8.4740   1.0000 
 124    C 172.1910 172.1910 172.1910 173.8690 173.8690 173.8690 172.1780   1.0000 
 124    N 115.4490 115.4490 115.4490 115.0740 115.0740 115.0740 115.4810   1.0000 
 124   HN   7.4650   7.4650   7.4650   7.5460   7.5460   7.5460   7.4610   1.0000 
 125    C 174.3540 174.3540 174.3540 173.5870 173.5870 173.5870 174.3980   1.0000 
 125    N 122.6080 122.6080 122.6080 124.7580 124.7580 124.7580 122.6470   1.0000 
 125   HN   8.8230   8.8230   8.8230   9.0860   9.0860   9.0860   8.8130   1.0000 
 126    C 174.2710 174.1630 174.3790 175.8770 175.7690 175.9850 174.0170   1.0000 
 126    N 122.9410 122.9410 122.9410 125.4720 125.4720 125.4720 122.7230   1.0000 
 126   HN   8.8600   8.8600   8.8600   9.2180   9.2180   9.2180   8.5580   1.0000 
 127    C 175.4610 175.3150 175.6070 176.5360 176.3900 176.6820 176.0120   1.0000 
 128    C 175.7590 175.3590 176.1590 175.1620 174.7620 175.5620 176.0500   1.0000 
 128    N 120.8100 119.0930 122.5270 120.7930 119.0760 122.5100 120.4850   1.0000 
 128   HN   8.2890   8.1930   8.3860   8.1610   8.0650   8.2580   8.8310   1.0000 
 129    C 174.6450 172.5450 176.7450 173.5910 171.4910 175.6910 175.7370   1.0000 
 129    N 119.4630 114.7630 124.1630 119.7990 115.0990 124.4990 118.0590   1.0000 
 129   HN   7.7930   7.2930   8.2930   7.4570   6.9570   7.9570   8.1150   1.0000 
 130    C 176.4000 174.7000 178.1000 178.4390 176.7390 180.1390 175.8930   1.0000 
 130    N 122.6880 120.2880 125.0880 124.1600 121.7600 126.5600 121.4090   1.0000 
 130   HN   8.8300   8.1300   9.5300   8.8900   8.1900   9.5900   8.2370   1.0000 
 131    C 178.1950 176.8950 179.4950 178.3460 177.0460 179.6460 176.8010   1.0000 
 132    C 177.7220 176.8720 178.5720 174.6380 173.7880 175.4880 176.0310   1.0000 
 132    N 118.4180 116.0180 120.8180 115.1190 112.7190 117.5190 118.5400   1.0000 
 132   HN   8.4960   7.0960   9.8960   9.0100   7.6100  10.4100   7.6200   1.0000 
 133    C 175.1580 174.7580 175.5580 174.9910 174.5910 175.3910 175.3950   1.0000 
 133    N 120.1600 119.9100 120.4100 122.8150 122.5650 123.0650 122.8110   1.0000 
 133   HN   8.0830   7.2330   8.9330   7.8460   6.9960   8.6960   8.5300   1.0000 
 134    C 174.5500 172.4500 176.6500 173.8430 171.7430 175.9430 176.5530   1.0000 
 134    N 119.0050 117.1050 120.9050 120.0730 118.1730 121.9730 123.2960   1.0000 
 134   HN   7.6580   7.3580   7.9580   7.7730   7.4730   8.0730   8.0150   1.0000 
 135    C 175.3190 175.2340 175.4030 176.9390 176.8540 177.0230 175.7130   1.0000 
 135    N 120.4200 119.1200 121.7200 123.4630 122.1630 124.7630 124.3070   1.0000 
 135   HN   9.3940   9.3940   9.3940   9.5910   9.5910   9.5910   9.2550   1.0000 
 136    C 175.4670 175.4250 175.5090 174.2100 174.1680 174.2520 175.2940   1.0000 
 136    N 122.9740 122.5090 123.4390 117.8040 117.3390 118.2690 122.4760   1.0000 
 136   HN   9.0080   8.9500   9.0650   8.1940   8.1360   8.2510   8.9080   1.0000 
 137    C 175.3120 175.3120 175.3120 175.6530 175.6530 175.6530 175.1570   1.0000 
 137    N 122.6400 122.4070 122.8730 122.2260 121.9930 122.4590 122.0990   1.0000 
 137   HN   8.6790   8.6500   8.7070   8.0630   8.0340   8.0910   8.9320   1.0000 
 138    C 173.4650 173.4650 173.4650 173.2090 173.2090 173.2090 173.4340   1.0000 
 138    N 122.0460 122.0460 122.0460 123.9950 123.9950 123.9950 122.0510   1.0000 
 138   HN   7.8060   7.8060   7.8060   7.9290   7.9290   7.9290   7.8540   1.0000 
 139    C 172.5950 172.5950 172.5950 173.0830 173.0830 173.0830 172.5660   1.0000 
 139    N 121.5000 121.5000 121.5000 120.2690 120.2690 120.2690 121.6530   1.0000 
 139   HN   7.8710   7.8710   7.8710   7.6290   7.6290   7.6290   7.9110   1.0000 
 140    C 173.9550 173.9550 173.9550 172.8110 172.8110 172.8110 173.9660   1.0000 
 140    N 128.4970 128.4970 128.4970 126.2530 126.2530 126.2530 128.4120   1.0000 
 140   HN   8.7420   8.7420   8.7420   8.7670   8.7670   8.7670   8.6720   1.0000 
 141    C 174.3190 174.3190 174.3190 174.1370 174.1370 174.1370 174.3000   1.0000 
 141    N 126.5680 126.5680 126.5680 129.7430 129.7430 129.7430 126.6890   1.0000 
 141   HN   8.5780   8.5780   8.5780   8.7210   8.7210   8.7210   8.5820   1.0000 
 142    C 172.6280 172.6280 172.6280 175.5480 175.5480 175.5480 172.5990   1.0000 
 142    N 124.2050 124.2050 124.2050 123.9460 123.9460 123.9460 124.1320   1.0000 
 142   HN   8.2400   8.2400   8.2400   7.9870   7.9870   7.9870   8.2990   1.0000 
 143    C 176.1920 176.1920 176.1920 175.7220 175.7220 175.7220 176.2460   1.0000 
 143    N 121.1270 121.1270 121.1270 119.3380 119.3380 119.3380 121.0270   1.0000 
 143   HN   8.2690   8.2690   8.2690   8.5180   8.5180   8.5180   8.2130   1.0000 
 144    C 176.9010 176.9010 176.9010 176.8820 176.8820 176.8820 176.9220   1.0000 
 144    N 121.8440 121.8440 121.8440 123.0950 123.0950 123.0950 121.8660   1.0000 
 144   HN   8.3000   8.3000   8.3000   8.1540   8.1540   8.1540   8.2770   1.0000 
 145    C 176.4600 176.4600 176.4600 177.0070 177.0070 177.0070 176.4390   1.0000 
 145    N 121.6460 121.6460 121.6460 121.4270 121.4270 121.4270 121.6720   1.0000 
 145   HN   8.2830   8.2830   8.2830   9.0710   9.0710   9.0710   8.2780   1.0000 
 146    C 178.9660 178.9660 178.9660 178.6180 178.6180 178.6180 178.9210   1.0000 
 146    N 119.3500 119.3500 119.3500 120.2240 120.2240 120.2240 119.3280   1.0000 
 146   HN   8.3910   8.3910   8.3910   7.6600   7.6600   7.6600   8.3900   1.0000 
 147    C 175.9810 175.9810 175.9810 174.9340 174.9340 174.9340 175.9700   1.0000 
 147    N 115.4030 115.4030 115.4030 113.2840 113.2840 113.2840 115.4290   1.0000 
 147   HN   8.0570   8.0570   8.0570   7.9910   7.9910   7.9910   8.0470   1.0000 
 148    C 174.4860 174.4860 174.4860 172.9860 172.9860 172.9860 174.4870   1.0000 
 148    N 119.1740 119.1740 119.1740 120.2480 120.2480 120.2480 119.1830   1.0000 
 148   HN   8.8100   8.8100   8.8100   8.2490   8.2490   8.2490   8.8200   1.0000 
 149    C 175.9110 175.9110 175.9110 176.0170 176.0170 176.0170 175.9010   1.0000 
 149    N 125.1020 125.1020 125.1020 123.0190 123.0190 123.0190 125.1270   1.0000 
 149   HN   8.5590   8.5590   8.5590   8.5590   8.5590   8.5590   8.5650   1.0000 
 150    C 174.7850 174.7850 174.7850 173.2930 173.2930 173.2930 174.7890   1.0000 
 150    N 115.7360 115.7360 115.7360 112.4390 112.4390 112.4390 115.7370   1.0000 
 150   HN   7.8220   7.8220   7.8220   6.9220   6.9220   6.9220   7.8280   1.0000 
 151    C 173.3980 173.3980 173.3980 172.8120 172.8120 172.8120 173.4420   1.0000 
 151    N 116.5780 116.5780 116.5780 114.5180 114.5180 114.5180 116.5830   1.0000 
 151   HN   8.8280   8.8280   8.8280   8.7160   8.7160   8.7160   8.8360   1.0000 
 152    C 173.4520 173.4520 173.4520 172.0040 172.0040 172.0040 173.5550   1.0000 
 152    N 113.8360 113.8360 113.8360 115.5560 115.5560 115.5560 113.7430   1.0000 
 152   HN   7.9030   7.9030   7.9030   7.6220   7.6220   7.6220   8.0550   1.0000 
 153    C 173.3550 173.3550 173.3550 174.3860 174.3860 174.3860 173.2650   1.0000 
 153    N 120.2680 120.2680 120.2680 119.2230 119.2230 119.2230 120.6780   1.0000 
 153   HN   8.5900   8.5900   8.5900   8.2190   8.2190   8.2190   8.5980   1.0000 
 154    C 174.6660 174.6660 174.6660 174.7640 174.7640 174.7640 174.7790   1.0000 
 154    N 127.5870 127.5870 127.5870 129.2910 129.2910 129.2910 127.8260   1.0000 
 154   HN   8.8890   8.8890   8.8890   8.4790   8.4790   8.4790   8.9210   1.0000 
 155    C 174.9280 174.9280 174.9280 174.5550 174.5550 174.5550 174.9670   1.0000 
 155    N 122.6960 122.6960 122.6960 124.5720 124.5720 124.5720 122.8200   1.0000 
 155   HN   9.1620   9.1620   9.1620   9.8220   9.8220   9.8220   9.1900   1.0000 
 156    C 174.5230 174.2230 174.8230 175.0270 174.7270 175.3270 174.4150   1.0000 
 156    N 125.5250 125.5250 125.5250 124.5650 124.5650 124.5650 125.1110   1.0000 
 156   HN   8.7530   8.7530   8.7530   8.7310   8.7310   8.7310   8.8940   1.0000 
 157    C 176.2010 175.9010 176.5010 175.6210 175.3210 175.9210 176.0100   1.0000 
 157    N 127.6330 127.2330 128.0330 126.5950 126.1950 126.9950 126.7400   1.0000 
 157   HN   8.9670   8.8670   9.0670   9.3090   9.2090   9.4090   8.8790   1.0000 
 158    C 175.5490 175.3490 175.7490 175.8880 175.6880 176.0880 175.5960   1.0000 
 158    N 121.4780 120.5780 122.3780 120.3660 119.4660 121.2660 120.1330   1.0000 
 158   HN   9.1820   9.1820   9.1820   9.3910   9.3910   9.3910   9.1120   1.0000 
 159    C 176.3350 176.3350 176.3350 176.1290 176.1290 176.1290 175.6200   1.0000 
 159    N 126.1600 123.9600 128.3600 127.2320 125.0320 129.4320 124.0490   1.0000 
 159   HN   8.5340   8.4340   8.6340   8.2580   8.1580   8.3580   8.1400   1.0000 
 160   HN   8.0110   8.0110   8.0110   8.0290   8.0290   8.0290   8.0020   1.0000 
 160    N 120.3900 120.3900 120.3900 131.9260 131.9260 131.9260 120.3180   1.0000 
